female_business_[beige_flats].prefab
female_business_[black_flats].prefab
female_business_[black_skirt].prefab
female_business_[black_tip_flats].prefab
female_business_[khaki_business_shirt].prefab
female_business_[khaki_skirt].prefab
female_business_[teal_business_shirt].prefab
female_business_[white_business_shirt].prefab
female_business_[white_skirt].prefab
female_casual_[black_and_white_vans] 1.prefab
female_casual_[black_and_white_vans].prefab
female_casual_[black_synchrony_tee].prefab
female_casual_[burgundy_pants].prefab
female_casual_[jeans].prefab
female_casual_[khaki_pants].prefab
female_casual_[pink_synchrony_tee].prefab
female_casual_[pink_vans].prefab
female_casual_[purple_tee].prefab
female_sport_[black_running_shoes].prefab
female_sport_[brown_running_shoes].prefab
female_sport_[grey_leggings].prefab
female_sport_[grey_tank_top].prefab
female_sport_[meshed_leggings].prefab
female_sport_[pink_leggings].prefab
female_sport_[pink_tank_top].prefab
female_sport_[teal_tank_top].prefab
female_sport_[white_running_shoes].prefab
male_business_[black_dress_shirt].prefab
male_business_[black_oxfords].prefab
male_business_[black_slacks].prefab
male_business_[brown_oxfords].prefab
male_business_[casual_oxfords].prefab
male_business_[gradient_long_sleeve].prefab
male_business_[grey_dress_shirt].prefab
male_business_[grey_slacks].prefab
male_business_[khaki_slacks].prefab
male_business_[striped_dress_shirt].prefab
male_casual_[black_and_white_vans].prefab
male_casual_[blue_and_white_vans].prefab
male_casual_[burgundy_pants].prefab
male_casual_[jeans].prefab
male_casual_[khaki_pants].prefab
male_casual_[pink_obey_shirt].prefab
male_casual_[red_and_white_shirt].prefab
male_casual_[red_and_white_vans].prefab
male_sport_[black_gold_sneakers].prefab
male_sport_[black_running_shorts].prefab
male_sport_[black_synchrony_tank_top].prefab
male_sport_[blue_running_shorts].prefab
male_sport_[blue_sneakers].prefab
male_sport_[gold_sneakers].prefab
male_sport_[grey_tank_top].prefab
male_sport_[orange_synchrony_tank_top].prefab
male_sport_[red_running_shorts].prefab
