[debug] [2018-04-26T19:57:33.441Z] ----------------------------------------------------------------------
[debug] [2018-04-26T19:57:33.443Z] Command:       /usr/local/bin/node /usr/local/bin/firebase serve
[debug] [2018-04-26T19:57:33.443Z] CLI Version:   3.18.4
[debug] [2018-04-26T19:57:33.443Z] Platform:      darwin
[debug] [2018-04-26T19:57:33.443Z] Node Version:  v9.4.0
[debug] [2018-04-26T19:57:33.443Z] Time:          Thu Apr 26 2018 15:57:33 GMT-0400 (EDT)
[debug] [2018-04-26T19:57:33.443Z] ----------------------------------------------------------------------
[debug] 
[debug] [2018-04-26T19:57:33.453Z] > command requires scopes: ["email","openid","https://www.googleapis.com/auth/cloudplatformprojects.readonly","https://www.googleapis.com/auth/firebase","https://www.googleapis.com/auth/cloud-platform"]
[debug] [2018-04-26T19:57:33.453Z] > authorizing via signed-in user
[debug] [2018-04-26T19:57:33.455Z] > refreshing access token with scopes: ["email","https://www.googleapis.com/auth/cloud-platform","https://www.googleapis.com/auth/cloudplatformprojects.readonly","https://www.googleapis.com/auth/firebase","openid"]
[debug] [2018-04-26T19:57:33.455Z] >>> HTTP REQUEST POST https://www.googleapis.com/oauth2/v3/token  
 { refresh_token: '1/f8PSdq2EUbVdIiHZsjI0BfzixdF9qqohcwL6_cRbK7yJSIg2dJHEpR7YptN2Y2qW',
  client_id: '563584335869-fgrhgmd47bqnekij5i8b5pr03ho849e6.apps.googleusercontent.com',
  client_secret: 'j9iVZfS8kkCEFUPaAeJV0sAi',
  grant_type: 'refresh_token',
  scope: 'email https://www.googleapis.com/auth/cloud-platform https://www.googleapis.com/auth/cloudplatformprojects.readonly https://www.googleapis.com/auth/firebase openid' } 
 Thu Apr 26 2018 15:57:33 GMT-0400 (EDT)
[debug] [2018-04-26T19:57:33.587Z] <<< HTTP RESPONSE 200
[debug] [2018-04-26T19:57:33.601Z] >>> HTTP REQUEST GET https://admin.firebase.com/v1/projects/synchrony-vr  
  
 Thu Apr 26 2018 15:57:33 GMT-0400 (EDT)
[debug] [2018-04-26T19:57:33.871Z] <<< HTTP RESPONSE 200
[debug] [2018-04-26T19:57:33.872Z] >>> HTTP REQUEST GET https://admin.firebase.com/v1/database/synchrony-vr/tokens  
  
 Thu Apr 26 2018 15:57:33 GMT-0400 (EDT)
[debug] [2018-04-26T19:57:34.183Z] <<< HTTP RESPONSE 200
[debug] [2018-04-26T19:57:34.184Z] >>> HTTP REQUEST GET https://cloudresourcemanager.googleapis.com/v1/projects/synchrony-vr  
  
 Thu Apr 26 2018 15:57:34 GMT-0400 (EDT)
[debug] [2018-04-26T19:57:34.423Z] <<< HTTP RESPONSE 200
[info] 
[info] === Serving from '/Users/brianpatino/Projects/sync-vr-app/website'...
[info] 
[debug] [2018-04-26T19:57:34.425Z] >>> HTTP REQUEST GET https://mobilesdk-pa.googleapis.com/v1/projects/434001689884/clients/_:getWebAppConfig  
  
 Thu Apr 26 2018 15:57:34 GMT-0400 (EDT)
[debug] [2018-04-26T19:57:34.730Z] <<< HTTP RESPONSE 200
[info] i  hosting: Serving hosting files from: public
[info] ✔  hosting: Local server: http://localhost:5000

